----------------------------------------------------------------
Tue Sep 05 17:32:55 IST 2023:
Booting Derby version The Apache Software Foundation - Apache Derby - 10.14.2.0 - (1828579): instance a816c00e-018a-6539-5a75-0000021e8608 
on database directory memory:C:\Users\amehendr\Documents\workspace-spring-tool-suite-4-4.16.1\studentService\4e9ab487-ae1e-4a2a-800f-ea64af196433 with class loader jdk.internal.loader.ClassLoaders$AppClassLoader@2f333739 
Loaded from file:/C:/Users/amehendr/.m2/repository/org/apache/derby/derby/10.14.2.0/derby-10.14.2.0.jar
java.vendor=Eclipse Adoptium
java.runtime.version=17.0.4.1+1
user.dir=C:\Users\amehendr\Documents\workspace-spring-tool-suite-4-4.16.1\studentService
os.name=Windows 10
os.arch=amd64
os.version=10.0
derby.system.home=null
Database Class Loader started - derby.database.classpath=''
----------------------------------------------------------------
Tue Sep 05 17:37:59 IST 2023:
Shutting down instance a816c00e-018a-6539-5a75-0000021e8608 on database directory memory:C:\Users\amehendr\Documents\workspace-spring-tool-suite-4-4.16.1\studentService\4e9ab487-ae1e-4a2a-800f-ea64af196433 with class loader jdk.internal.loader.ClassLoaders$AppClassLoader@2f333739 
----------------------------------------------------------------
Tue Sep 05 17:38:02 IST 2023:
Booting Derby version The Apache Software Foundation - Apache Derby - 10.14.2.0 - (1828579): instance 3988c0be-018a-6539-5a75-0000021e8608 
on database directory memory:C:\Users\amehendr\Documents\workspace-spring-tool-suite-4-4.16.1\studentService\144b03d6-9b07-4935-a8c7-4116d2db3bf8 with class loader jdk.internal.loader.ClassLoaders$AppClassLoader@2f333739 
Loaded from file:/C:/Users/amehendr/.m2/repository/org/apache/derby/derby/10.14.2.0/derby-10.14.2.0.jar
java.vendor=Eclipse Adoptium
java.runtime.version=17.0.4.1+1
user.dir=C:\Users\amehendr\Documents\workspace-spring-tool-suite-4-4.16.1\studentService
os.name=Windows 10
os.arch=amd64
os.version=10.0
derby.system.home=null
Database Class Loader started - derby.database.classpath=''
----------------------------------------------------------------
Tue Sep 05 17:38:04 IST 2023:
Shutting down instance 3988c0be-018a-6539-5a75-0000021e8608 on database directory memory:C:\Users\amehendr\Documents\workspace-spring-tool-suite-4-4.16.1\studentService\144b03d6-9b07-4935-a8c7-4116d2db3bf8 with class loader jdk.internal.loader.ClassLoaders$AppClassLoader@2f333739 
----------------------------------------------------------------
Tue Sep 05 17:38:08 IST 2023:
Booting Derby version The Apache Software Foundation - Apache Derby - 10.14.2.0 - (1828579): instance e93ac16e-018a-6539-5a75-0000021e8608 
on database directory memory:C:\Users\amehendr\Documents\workspace-spring-tool-suite-4-4.16.1\studentService\ceb93a04-4cae-4f27-a60e-7b0769e2b69c with class loader jdk.internal.loader.ClassLoaders$AppClassLoader@2f333739 
Loaded from file:/C:/Users/amehendr/.m2/repository/org/apache/derby/derby/10.14.2.0/derby-10.14.2.0.jar
java.vendor=Eclipse Adoptium
java.runtime.version=17.0.4.1+1
user.dir=C:\Users\amehendr\Documents\workspace-spring-tool-suite-4-4.16.1\studentService
os.name=Windows 10
os.arch=amd64
os.version=10.0
derby.system.home=null
Database Class Loader started - derby.database.classpath=''
----------------------------------------------------------------
Tue Sep 05 17:42:44 IST 2023:
Shutting down instance e93ac16e-018a-6539-5a75-0000021e8608 on database directory memory:C:\Users\amehendr\Documents\workspace-spring-tool-suite-4-4.16.1\studentService\ceb93a04-4cae-4f27-a60e-7b0769e2b69c with class loader jdk.internal.loader.ClassLoaders$AppClassLoader@2f333739 
----------------------------------------------------------------
Tue Sep 05 17:42:46 IST 2023:
Booting Derby version The Apache Software Foundation - Apache Derby - 10.14.2.0 - (1828579): instance b72cc21e-018a-6539-5a75-0000021e8608 
on database directory memory:C:\Users\amehendr\Documents\workspace-spring-tool-suite-4-4.16.1\studentService\0e7f83ce-352a-4ed1-be0e-a27ff1bbb100 with class loader jdk.internal.loader.ClassLoaders$AppClassLoader@2f333739 
Loaded from file:/C:/Users/amehendr/.m2/repository/org/apache/derby/derby/10.14.2.0/derby-10.14.2.0.jar
java.vendor=Eclipse Adoptium
java.runtime.version=17.0.4.1+1
user.dir=C:\Users\amehendr\Documents\workspace-spring-tool-suite-4-4.16.1\studentService
os.name=Windows 10
os.arch=amd64
os.version=10.0
derby.system.home=null
Database Class Loader started - derby.database.classpath=''
----------------------------------------------------------------
Tue Sep 05 17:44:15 IST 2023:
Shutting down instance b72cc21e-018a-6539-5a75-0000021e8608 on database directory memory:C:\Users\amehendr\Documents\workspace-spring-tool-suite-4-4.16.1\studentService\0e7f83ce-352a-4ed1-be0e-a27ff1bbb100 with class loader jdk.internal.loader.ClassLoaders$AppClassLoader@2f333739 
----------------------------------------------------------------
Tue Sep 05 17:44:18 IST 2023:
Booting Derby version The Apache Software Foundation - Apache Derby - 10.14.2.0 - (1828579): instance a35ec2ce-018a-6539-5a75-0000021e8608 
on database directory memory:C:\Users\amehendr\Documents\workspace-spring-tool-suite-4-4.16.1\studentService\00735c36-bdbf-4d1e-bc3e-cea602edc1f0 with class loader jdk.internal.loader.ClassLoaders$AppClassLoader@2f333739 
Loaded from file:/C:/Users/amehendr/.m2/repository/org/apache/derby/derby/10.14.2.0/derby-10.14.2.0.jar
java.vendor=Eclipse Adoptium
java.runtime.version=17.0.4.1+1
user.dir=C:\Users\amehendr\Documents\workspace-spring-tool-suite-4-4.16.1\studentService
os.name=Windows 10
os.arch=amd64
os.version=10.0
derby.system.home=null
Database Class Loader started - derby.database.classpath=''
----------------------------------------------------------------
Tue Sep 05 17:47:38 IST 2023:
Shutting down instance a35ec2ce-018a-6539-5a75-0000021e8608 on database directory memory:C:\Users\amehendr\Documents\workspace-spring-tool-suite-4-4.16.1\studentService\00735c36-bdbf-4d1e-bc3e-cea602edc1f0 with class loader jdk.internal.loader.ClassLoaders$AppClassLoader@2f333739 
----------------------------------------------------------------
Tue Sep 05 17:47:41 IST 2023:
Booting Derby version The Apache Software Foundation - Apache Derby - 10.14.2.0 - (1828579): instance 63118384-018a-6539-5a75-0000021e8608 
on database directory memory:C:\Users\amehendr\Documents\workspace-spring-tool-suite-4-4.16.1\studentService\72db7d89-7e9e-4395-b00e-1c263fe14793 with class loader jdk.internal.loader.ClassLoaders$AppClassLoader@2f333739 
Loaded from file:/C:/Users/amehendr/.m2/repository/org/apache/derby/derby/10.14.2.0/derby-10.14.2.0.jar
java.vendor=Eclipse Adoptium
java.runtime.version=17.0.4.1+1
user.dir=C:\Users\amehendr\Documents\workspace-spring-tool-suite-4-4.16.1\studentService
os.name=Windows 10
os.arch=amd64
os.version=10.0
derby.system.home=null
Database Class Loader started - derby.database.classpath=''
----------------------------------------------------------------
Tue Sep 05 17:51:19 IST 2023:
Shutting down instance 63118384-018a-6539-5a75-0000021e8608 on database directory memory:C:\Users\amehendr\Documents\workspace-spring-tool-suite-4-4.16.1\studentService\72db7d89-7e9e-4395-b00e-1c263fe14793 with class loader jdk.internal.loader.ClassLoaders$AppClassLoader@2f333739 
----------------------------------------------------------------
Tue Sep 05 17:51:23 IST 2023:
Booting Derby version The Apache Software Foundation - Apache Derby - 10.14.2.0 - (1828579): instance 5c2bc43b-018a-6539-5a75-0000021e8608 
on database directory memory:C:\Users\amehendr\Documents\workspace-spring-tool-suite-4-4.16.1\studentService\20cfef69-4af0-4c96-9106-ed3957c04c86 with class loader jdk.internal.loader.ClassLoaders$AppClassLoader@2f333739 
Loaded from file:/C:/Users/amehendr/.m2/repository/org/apache/derby/derby/10.14.2.0/derby-10.14.2.0.jar
java.vendor=Eclipse Adoptium
java.runtime.version=17.0.4.1+1
user.dir=C:\Users\amehendr\Documents\workspace-spring-tool-suite-4-4.16.1\studentService
os.name=Windows 10
os.arch=amd64
os.version=10.0
derby.system.home=null
Database Class Loader started - derby.database.classpath=''
----------------------------------------------------------------
Tue Sep 05 17:52:10 IST 2023:
Shutting down instance 5c2bc43b-018a-6539-5a75-0000021e8608 on database directory memory:C:\Users\amehendr\Documents\workspace-spring-tool-suite-4-4.16.1\studentService\20cfef69-4af0-4c96-9106-ed3957c04c86 with class loader jdk.internal.loader.ClassLoaders$AppClassLoader@2f333739 
